<?xml version="1.0" encoding="UTF-8"?>
<testsuite name="Dz" tests="1" skipped="0" failures="0" errors="0" timestamp="2022-06-13T17:21:57" hostname="Ksenias-MacBook-Air.local" time="27.795">
  <properties/>
  <testcase name="dz()" classname="Dz" time="27.795"/>
  <system-out><![CDATA[]]></system-out>
  <system-err><![CDATA[[Test worker] INFO com.codeborne.selenide.impl.WebDriverThreadLocalContainer - No webdriver is bound to current thread: 13 - let's create a new webdriver
Jun 13, 2022 8:21:58 PM org.openqa.selenium.remote.tracing.opentelemetry.OpenTelemetryTracer createTracer
INFO: Using OpenTelemetry for tracing
Jun 13, 2022 8:22:08 PM org.openqa.selenium.remote.ProtocolHandshake createSession
INFO: Detected dialect: W3C
[Test worker] INFO com.codeborne.selenide.webdriver.BrowserResizer - Set browser size to 1920x1080
[Test worker] INFO com.codeborne.selenide.webdriver.WebDriverFactory - BrowserName=chrome Version=100.0.4896.60 Platform=LINUX
[Test worker] INFO com.codeborne.selenide.webdriver.WebDriverFactory - Selenide v. 6.4.0
[Test worker] INFO com.codeborne.selenide.webdriver.WebDriverFactory - Selenium WebDriver v. 4.1.3 build revision: 7b1ebf28ef
[Test worker] INFO com.codeborne.selenide.drivercommands.CreateDriverCommand - Created webdriver in thread 13: RemoteWebDriver -> RemoteWebDriver: chrome on LINUX (095dbd88ebd4d30a349c4dad40b564cf)
[Test worker] INFO com.codeborne.selenide.drivercommands.CloseDriverCommand - Close webdriver: 13 -> RemoteWebDriver: chrome on LINUX (095dbd88ebd4d30a349c4dad40b564cf)...
[Test worker] INFO com.codeborne.selenide.drivercommands.CloseDriverCommand - Closed webdriver 13 in 138 ms
]]></system-err>
</testsuite>
